<?xml version="1.0" encoding="UTF-8"?>
<!-- Generated by org.testng.reporters.JUnitReportReporter -->
<testsuite hostname="FarhanKhalid" failures="0" tests="3" name="test6.Class6" time="0.005" errors="0" timestamp="2022-12-05T00:54:14 EST" skipped="0">
  <testcase classname="test6.Class6" name="GetData" time="0.004"/>
  <system-out/>
  <testcase classname="test6.Class6" name="GetData" time="0.001"/>
  <system-out/>
  <testcase classname="test6.Class6" name="GetData" time="0.000"/>
  <system-out/>
</testsuite> <!-- test6.Class6 -->
